<?xml version="1.0" encoding="UTF-8"?>
<!-- Generated by org.testng.reporters.JUnitReportReporter -->
<testsuite skipped="0" hostname="DESKTOP-PJ3QETV" name="allTestCase.HomePage" tests="2" failures="0" timestamp="2020-04-01T15:56:40 IST" time="2.073" errors="0">
  <testcase name="getAllLinks" time="2.044" classname="allTestCase.HomePage"/>
  <system-out/>
  <testcase name="currentUrl" time="0.029" classname="allTestCase.HomePage"/>
  <system-out/>
</testsuite> <!-- allTestCase.HomePage -->
