<?xml version="1.0" encoding="UTF-8"?>
<!-- Generated by org.testng.reporters.JUnitReportReporter -->
<testsuite skipped="0" hostname="DESKTOP-PJ3QETV" name="crmProHomePageTest.LoginandDashboardValidation" tests="1" failures="0" timestamp="2020-04-01T14:39:38 IST" time="8.676" errors="0">
  <testcase name="login" time="8.676" classname="crmProHomePageTest.LoginandDashboardValidation"/>
  <system-out/>
</testsuite> <!-- crmProHomePageTest.LoginandDashboardValidation -->
