<?xml version="1.0" encoding="UTF-8"?>
<!-- Generated by org.testng.reporters.JUnitReportReporter -->
<testsuite skipped="0" hostname="DESKTOP-PJ3QETV" name="crmProHomePageTest.HomePage" tests="1" failures="0" timestamp="2020-04-01T14:21:11 IST" time="0.046" errors="0">
  <testcase name="currentUrl" time="0.046" classname="crmProHomePageTest.HomePage"/>
  <system-out/>
</testsuite> <!-- crmProHomePageTest.HomePage -->
