<?xml version="1.0" encoding="UTF-8"?>
<!-- Generated by org.testng.reporters.JUnitReportReporter -->
<testsuite hostname="DESKTOP-PJ3QETV" failures="0" tests="2" name="com.crmPro.Test.LoginAndHeaderMenu" time="21.733" errors="0" timestamp="02 Apr 2021 08:41:59 GMT" skipped="0">
  <testcase classname="com.crmPro.Test.LoginAndHeaderMenu" name="login" time="1.674"/>
  <testcase classname="com.crmPro.Test.LoginAndHeaderMenu" name="getheaderMenuCount" time="20.059"/>
</testsuite> <!-- com.crmPro.Test.LoginAndHeaderMenu -->
