<?xml version="1.0" encoding="UTF-8"?>
<!-- Generated by org.testng.reporters.JUnitReportReporter -->
<testsuite hostname="DESKTOP-PJ3QETV" failures="0" tests="1" name="com.crmPro.Test.Login" time="0.541" errors="0" timestamp="02 Apr 2021 08:41:59 GMT" skipped="0">
  <testcase classname="com.crmPro.Test.Login" name="login" time="0.541"/>
</testsuite> <!-- com.crmPro.Test.Login -->
